Build started 7/22/2016 6:05:19 PM.
     1>Project "G:\ZhangHaotian\Fluid\Fluid\Fluid.vcxproj" on node 2 (Build target(s)).
     1>ClCompile:
         C:\Program Files (x86)\Microsoft Visual Studio 11.0\VC\bin\CL.exe /c /I..\includes /I..\includes\freeglut /ZI /nologo /W3 /WX- /Od /Oy- /D WIN32 /D _DEBUG /D _CONSOLE /D VL_CHECKING /D _UNICODE /D UNICODE /Gm /EHsc /RTC1 /MDd /GS /Zc:wchar_t /Zc:forScope /Fo"Debug\\" /Fd"Debug\vc110.pdb" /Gd /TP /analyze- /errorReport:prompt display.cpp fluidCube2D.cpp fluidCube3D.cpp main.cpp
         display.cpp
     1>g:\zhanghaotian\fluid\fluid\fluidcube.h(14): warning C4244: 'initializing' : conversion from 'float' to 'int', possible loss of data
     1>g:\zhanghaotian\fluid\fluid\display.cpp(30): warning C4305: 'argument' : truncation from 'double' to 'float'
     1>g:\zhanghaotian\fluid\fluid\display.cpp(80): warning C4244: 'initializing' : conversion from 'double' to 'float', possible loss of data
     1>g:\zhanghaotian\fluid\fluid\display.cpp(118): warning C4244: 'initializing' : conversion from 'int' to 'float', possible loss of data
     1>g:\zhanghaotian\fluid\fluid\display.cpp(119): warning C4244: 'initializing' : conversion from 'int' to 'float', possible loss of data
         Generating Code...
         Compiling...
         main.cpp
         fluidCube3D.cpp
     1>g:\zhanghaotian\fluid\fluid\fluidcube.h(14): warning C4244: 'initializing' : conversion from 'float' to 'int', possible loss of data
         fluidCube2D.cpp
     1>g:\zhanghaotian\fluid\fluid\fluidcube.h(14): warning C4244: 'initializing' : conversion from 'float' to 'int', possible loss of data
         Generating Code...
       Link:
         C:\Program Files (x86)\Microsoft Visual Studio 11.0\VC\bin\link.exe /ERRORREPORT:PROMPT /OUT:"G:\ZhangHaotian\Fluid\Debug\Fluid.exe" /INCREMENTAL /NOLOGO /LIBPATH:..\libs freeglut.lib vld.lib kernel32.lib user32.lib gdi32.lib winspool.lib comdlg32.lib advapi32.lib shell32.lib ole32.lib oleaut32.lib uuid.lib odbc32.lib odbccp32.lib /MANIFEST /MANIFESTUAC:"level='asInvoker' uiAccess='false'" /manifest:embed /DEBUG /PDB:"G:\ZhangHaotian\Fluid\Debug\Fluid.pdb" /SUBSYSTEM:CONSOLE /TLBID:1 /DYNAMICBASE /NXCOMPAT /IMPLIB:"G:\ZhangHaotian\Fluid\Debug\Fluid.lib" /MACHINE:X86 Debug\display.obj
         Debug\fluidCube2D.obj
         Debug\fluidCube3D.obj
         Debug\main.obj
         Fluid.vcxproj -> G:\ZhangHaotian\Fluid\Debug\Fluid.exe
     1>Done Building Project "G:\ZhangHaotian\Fluid\Fluid\Fluid.vcxproj" (Build target(s)).

Build succeeded.

Time Elapsed 00:00:04.80
